<?xml version="1.0" encoding="UTF-8"?>
<datasources xmlns="http://www.jboss.org/ironjacamar/schema"
			xmlns:xsi="http://www.w3.org/2001/XMLSchema-instance"
			xsi:schemaLocation="http://www.jboss.org/ironjacamar/schema http://www.jboss.org/ironjacamar/schema/datasources_1_0.xsd">
	<datasource jndi-name="java:jboss/datasource/MyAktionTestDs" 
				pool-name="myaktion-test" enabled="true"
				use-java-context="true">
					<connection-url>jdbc:h2:mem:myaktion-test;DB_CLOSE_DELAY=-1</connection-url>
					<driver>h2</driver>
					<security>
						<user-name>sa</user-name>
						<password>sa</password>
					</security>
				</datasource>
			
</datasources>